0 info it worked if it ends with ok
1 verbose cli [
1 verbose cli   '/data/data/com.termux/files/usr/bin/node',
1 verbose cli   '/data/data/com.termux/files/usr/bin/npm',
1 verbose cli   'install'
1 verbose cli ]
2 info using npm@6.14.10
3 info using node@v14.15.4
4 verbose npm-session 071a24c12393f1d5
5 silly install runPreinstallTopLevelLifecycles
6 silly preinstall termux-wabot@0.0.2
7 info lifecycle termux-wabot@0.0.2~preinstall: termux-wabot@0.0.2
8 silly install loadCurrentTree
9 silly install readLocalPackageData
10 timing stage:loadCurrentTree Completed in 46ms
11 silly install loadIdealTree
12 silly install cloneCurrentTreeToIdealTree
13 timing stage:loadIdealTree:cloneCurrentTree Completed in 1ms
14 silly install loadShrinkwrap
15 timing stage:loadIdealTree:loadShrinkwrap Completed in 8ms
16 silly install loadAllDepsIntoIdealTree
17 http fetch GET 200 https://registry.npmjs.org/axios 919ms
18 http fetch GET 200 https://registry.npmjs.org/async 929ms
19 http fetch GET 200 https://registry.npmjs.org/fluent-ffmpeg 927ms
20 http fetch GET 200 https://registry.npmjs.org/cfonts 942ms
21 http fetch GET 200 https://registry.npmjs.org/moment-timezone 914ms
22 http fetch GET 200 https://registry.npmjs.org/fake-useragent 953ms
23 http fetch GET 200 https://registry.npmjs.org/escape-string-regexp 962ms
24 http fetch GET 200 https://registry.npmjs.org/lolis.life 1000ms
25 http fetch GET 200 https://registry.npmjs.org/imgbb-uploader 1010ms
26 http fetch GET 200 https://registry.npmjs.org/@kagchi%2fkag-api 1076ms
27 http fetch GET 200 https://registry.npmjs.org/axios/-/axios-0.21.1.tgz 477ms
28 http fetch GET 200 https://registry.npmjs.org/async/-/async-2.6.3.tgz 481ms
29 http fetch GET 200 https://registry.npmjs.org/cfonts/-/cfonts-2.9.1.tgz 466ms
30 http fetch GET 200 https://registry.npmjs.org/moment-timezone/-/moment-timezone-0.5.33.tgz 468ms
31 http fetch GET 200 https://registry.npmjs.org/fake-useragent/-/fake-useragent-1.0.1.tgz 457ms
32 http fetch GET 200 https://registry.npmjs.org/lolis.life/-/lolis.life-4.0.0.tgz 426ms
33 http fetch GET 200 https://registry.npmjs.org/fluent-ffmpeg/-/fluent-ffmpeg-2.1.2.tgz 489ms
34 http fetch GET 200 https://registry.npmjs.org/escape-string-regexp/-/escape-string-regexp-1.0.5.tgz 467ms
35 http fetch GET 200 https://registry.npmjs.org/imgbb-uploader/-/imgbb-uploader-1.3.0.tgz 278ms
36 http fetch GET 200 https://registry.npmjs.org/@kagchi/kag-api/-/kag-api-1.5.5.tgz 188ms
37 silly pacote range manifest for cfonts@^2.9.0 fetched in 1485ms
38 silly pacote range manifest for fake-useragent@^1.0.1 fetched in 1494ms
39 silly pacote range manifest for lolis.life@^4.0.0 fetched in 1480ms
40 silly pacote range manifest for axios@^0.21.0 fetched in 1511ms
41 silly pacote range manifest for moment-timezone@^0.5.32 fetched in 1478ms
42 silly pacote range manifest for async@^2.4.1 fetched in 1515ms
43 silly pacote range manifest for escape-string-regexp@^1.0.5 fetched in 1536ms
44 silly pacote range manifest for fluent-ffmpeg@^2.1.2 fetched in 1526ms
45 silly pacote range manifest for imgbb-uploader@^1.1.0 fetched in 1544ms
46 silly pacote range manifest for @kagchi/kag-api@^1.5.5 fetched in 1619ms
47 http fetch GET 200 https://registry.npmjs.org/remove.bg 379ms
48 http fetch GET 200 https://registry.npmjs.org/multistream 399ms
49 http fetch GET 200 https://registry.npmjs.org/window-size 351ms
50 http fetch GET 200 https://registry.npmjs.org/chalk 354ms
51 http fetch GET 200 https://registry.npmjs.org/follow-redirects 341ms
52 http fetch GET 200 https://registry.npmjs.org/spinnies 393ms
53 http fetch GET 200 https://registry.npmjs.org/moment 339ms
54 http fetch GET 200 https://registry.npmjs.org/node-fetch 420ms
55 http fetch GET 200 https://registry.npmjs.org/request 426ms
56 http fetch GET 200 https://registry.npmjs.org/tiktok-scraper 425ms
57 http fetch GET 200 https://registry.npmjs.org/multistream/-/multistream-2.1.1.tgz 412ms
58 http fetch GET 200 https://registry.npmjs.org/remove.bg/-/remove.bg-1.3.0.tgz 427ms
59 http fetch GET 200 https://registry.npmjs.org/window-size/-/window-size-1.1.1.tgz 406ms
60 http fetch GET 200 https://registry.npmjs.org/chalk/-/chalk-4.1.0.tgz 407ms
61 http fetch GET 200 https://registry.npmjs.org/spinnies/-/spinnies-0.5.1.tgz 397ms
62 http fetch GET 200 https://registry.npmjs.org/node-fetch/-/node-fetch-2.6.1.tgz 384ms
63 http fetch GET 200 https://registry.npmjs.org/follow-redirects/-/follow-redirects-1.13.3.tgz 406ms
64 http fetch GET 200 https://registry.npmjs.org/request/-/request-2.88.2.tgz 379ms
65 http fetch GET 200 https://registry.npmjs.org/moment/-/moment-2.29.1.tgz 412ms
66 http fetch GET 200 https://registry.npmjs.org/tiktok-scraper/-/tiktok-scraper-1.4.18.tgz 386ms
67 silly pacote range manifest for chalk@^4.1.0 fetched in 831ms
68 silly pacote range manifest for spinnies@^0.5.1 fetched in 868ms
69 silly pacote range manifest for window-size@^1.1.1 fetched in 839ms
70 silly pacote range manifest for multistream@^2.1.0 fetched in 908ms
71 silly pacote range manifest for remove.bg@^1.3.0 fetched in 893ms
72 silly pacote range manifest for node-fetch@^2.6.1 fetched in 936ms
73 silly pacote range manifest for follow-redirects@^1.10.0 fetched in 875ms
74 silly pacote range manifest for request@^2.81.0 fetched in 945ms
75 warn deprecated request@2.88.2: request has been deprecated, see https://github.com/request/request/issues/3142
76 silly pacote range manifest for tiktok-scraper@^1.4.7 fetched in 964ms
77 silly pacote range manifest for moment@>= 2.9.0 fetched in 913ms
78 http fetch GET 200 https://registry.npmjs.org/lodash 290ms
79 http fetch GET 200 https://registry.npmjs.org/ansi-styles 263ms
80 http fetch GET 200 https://registry.npmjs.org/which 292ms
81 http fetch GET 200 https://registry.npmjs.org/chalk/-/chalk-2.4.2.tgz 214ms
82 http fetch GET 200 https://registry.npmjs.org/axios/-/axios-0.20.0.tgz 271ms
83 http fetch GET 200 https://registry.npmjs.org/supports-color 259ms
84 http fetch GET 200 https://registry.npmjs.org/async/-/async-3.2.0.tgz 295ms
85 http fetch GET 200 https://registry.npmjs.org/cli-cursor 261ms
86 http fetch GET 200 https://registry.npmjs.org/strip-ansi 245ms
87 http fetch GET 200 https://registry.npmjs.org/define-property 626ms
88 silly pacote range manifest for chalk@^2.4.2 fetched in 742ms
89 silly pacote version manifest for axios@0.20.0 fetched in 800ms
90 warn deprecated axios@0.20.0: Critical security vulnerability fixed in v0.21.1. For more information, see https://github.com/axios/axios/pull/3410
91 silly pacote range manifest for async@>=0.2.9 fetched in 837ms
92 http fetch GET 200 https://registry.npmjs.org/ansi-styles/-/ansi-styles-4.3.0.tgz 600ms
93 http fetch GET 200 https://registry.npmjs.org/which/-/which-1.3.1.tgz 613ms
94 http fetch GET 200 https://registry.npmjs.org/cli-cursor/-/cli-cursor-3.1.0.tgz 600ms
95 http fetch GET 200 https://registry.npmjs.org/lodash/-/lodash-4.17.21.tgz 655ms
96 http fetch GET 200 https://registry.npmjs.org/supports-color/-/supports-color-7.2.0.tgz 641ms
97 http fetch GET 200 https://registry.npmjs.org/strip-ansi/-/strip-ansi-5.2.0.tgz 514ms
98 http fetch GET 200 https://registry.npmjs.org/is-number 287ms
99 silly pacote range manifest for ansi-styles@^4.1.0 fetched in 1087ms
100 http fetch GET 200 https://registry.npmjs.org/inherits 315ms
101 silly pacote range manifest for which@^1.1.1 fetched in 1146ms
102 silly pacote range manifest for cli-cursor@^3.0.0 fetched in 1072ms
103 http fetch GET 200 https://registry.npmjs.org/define-property/-/define-property-1.0.0.tgz 391ms
104 silly pacote range manifest for supports-color@^7.1.0 fetched in 1111ms
105 silly pacote range manifest for lodash@^4.17.14 fetched in 1182ms
106 silly pacote range manifest for request@^2.88.0 fetched in 76ms
107 http fetch GET 200 https://registry.npmjs.org/readable-stream 348ms
108 silly pacote range manifest for strip-ansi@^5.2.0 fetched in 1160ms
109 silly pacote range manifest for define-property@^1.0.0 fetched in 1222ms
110 http fetch GET 200 https://registry.npmjs.org/is-number/-/is-number-3.0.0.tgz 310ms
111 http fetch GET 200 https://registry.npmjs.org/unirest 270ms
112 http fetch GET 200 https://registry.npmjs.org/aws-sign2 281ms
113 http fetch GET 200 https://registry.npmjs.org/inherits/-/inherits-2.0.4.tgz 287ms
114 http fetch GET 200 https://registry.npmjs.org/caseless 283ms
115 http fetch GET 200 https://registry.npmjs.org/combined-stream 263ms
116 http fetch GET 200 https://registry.npmjs.org/aws4 298ms
117 http fetch GET 200 https://registry.npmjs.org/extend 292ms
118 silly pacote range manifest for is-number@^3.0.0 fetched in 794ms
119 http fetch GET 200 https://registry.npmjs.org/readable-stream/-/readable-stream-2.3.7.tgz 353ms
120 silly pacote range manifest for inherits@^2.0.1 fetched in 844ms
121 http fetch GET 200 https://registry.npmjs.org/forever-agent 371ms
122 http fetch GET 200 https://registry.npmjs.org/caseless/-/caseless-0.12.0.tgz 273ms
123 http fetch GET 200 https://registry.npmjs.org/unirest/-/unirest-0.6.0.tgz 322ms
124 silly pacote range manifest for readable-stream@^2.0.5 fetched in 933ms
125 http fetch GET 200 https://registry.npmjs.org/aws-sign2/-/aws-sign2-0.7.0.tgz 364ms
126 http fetch GET 200 https://registry.npmjs.org/combined-stream/-/combined-stream-1.0.8.tgz 347ms
127 http fetch GET 200 https://registry.npmjs.org/aws4/-/aws4-1.11.0.tgz 347ms
128 silly pacote range manifest for caseless@~0.12.0 fetched in 779ms
129 silly pacote range manifest for aws-sign2@~0.7.0 fetched in 811ms
130 silly pacote range manifest for aws4@^1.8.0 fetched in 807ms
131 silly pacote range manifest for unirest@~0.6.0 fetched in 832ms
132 silly pacote range manifest for combined-stream@~1.0.6 fetched in 831ms
133 http fetch GET 200 https://registry.npmjs.org/extend/-/extend-3.0.2.tgz 429ms
134 http fetch GET 200 https://registry.npmjs.org/har-validator 417ms
135 http fetch GET 200 https://registry.npmjs.org/form-data 477ms
136 http fetch GET 200 https://registry.npmjs.org/http-signature 334ms
137 http fetch GET 200 https://registry.npmjs.org/forever-agent/-/forever-agent-0.6.1.tgz 384ms
138 http fetch GET 200 https://registry.npmjs.org/json-stringify-safe 219ms
139 http fetch GET 200 https://registry.npmjs.org/isstream 238ms
140 silly pacote range manifest for extend@~3.0.2 fetched in 910ms
141 http fetch GET 200 https://registry.npmjs.org/is-typedarray 311ms
142 http fetch GET 200 https://registry.npmjs.org/mime-types 290ms
143 silly pacote range manifest for forever-agent@~0.6.1 fetched in 1033ms
144 http fetch GET 200 https://registry.npmjs.org/oauth-sign 375ms
145 http fetch GET 200 https://registry.npmjs.org/har-validator/-/har-validator-5.1.5.tgz 331ms
146 http fetch GET 200 https://registry.npmjs.org/form-data/-/form-data-2.3.3.tgz 338ms
147 http fetch GET 200 https://registry.npmjs.org/http-signature/-/http-signature-1.2.0.tgz 321ms
148 http fetch GET 200 https://registry.npmjs.org/isstream/-/isstream-0.1.2.tgz 211ms
149 http fetch GET 200 https://registry.npmjs.org/json-stringify-safe/-/json-stringify-safe-5.0.1.tgz 218ms
150 http fetch GET 200 https://registry.npmjs.org/performance-now 340ms
151 silly pacote range manifest for har-validator@~5.1.3 fetched in 904ms
152 warn deprecated har-validator@5.1.5: this library is no longer supported
153 silly pacote range manifest for form-data@~2.3.2 fetched in 1091ms
154 silly pacote range manifest for isstream@~0.1.2 fetched in 773ms
155 silly pacote range manifest for http-signature@~1.2.0 fetched in 1002ms
156 silly pacote range manifest for json-stringify-safe@~5.0.1 fetched in 793ms
157 http fetch GET 200 https://registry.npmjs.org/is-typedarray/-/is-typedarray-1.0.0.tgz 562ms
158 http fetch GET 200 https://registry.npmjs.org/oauth-sign/-/oauth-sign-0.9.0.tgz 430ms
159 http fetch GET 200 https://registry.npmjs.org/qs 463ms
160 http fetch GET 200 https://registry.npmjs.org/mime-types/-/mime-types-2.1.29.tgz 592ms
161 http fetch GET 200 https://registry.npmjs.org/safe-buffer 376ms
162 http fetch GET 200 https://registry.npmjs.org/performance-now/-/performance-now-2.1.0.tgz 413ms
163 silly pacote range manifest for oauth-sign@~0.9.0 fetched in 961ms
164 silly pacote range manifest for is-typedarray@~1.0.0 fetched in 1060ms
165 http fetch GET 200 https://registry.npmjs.org/tough-cookie 307ms
166 silly pacote range manifest for mime-types@~2.1.19 fetched in 1044ms
167 silly pacote range manifest for async@^3.1.0 fetched in 38ms
168 http fetch GET 200 https://registry.npmjs.org/tunnel-agent 301ms
169 http fetch GET 200 https://registry.npmjs.org/uuid 268ms
170 http fetch GET 200 https://registry.npmjs.org/archiver 288ms
171 silly pacote range manifest for performance-now@^2.1.0 fetched in 975ms
172 http fetch GET 200 https://registry.npmjs.org/bluebird 239ms
173 http fetch GET 200 https://registry.npmjs.org/qs/-/qs-6.5.2.tgz 357ms
174 http fetch GET 200 https://registry.npmjs.org/tough-cookie/-/tough-cookie-2.5.0.tgz 246ms
175 http fetch GET 200 https://registry.npmjs.org/safe-buffer/-/safe-buffer-5.2.1.tgz 313ms
176 http fetch GET 200 https://registry.npmjs.org/ora 255ms
177 http fetch GET 200 https://registry.npmjs.org/tunnel-agent/-/tunnel-agent-0.6.0.tgz 220ms
178 http fetch GET 200 https://registry.npmjs.org/uuid/-/uuid-3.4.0.tgz 177ms
179 http fetch GET 200 https://registry.npmjs.org/json2csv 278ms
180 http fetch GET 200 https://registry.npmjs.org/archiver/-/archiver-3.1.1.tgz 395ms
181 http fetch GET 200 https://registry.npmjs.org/progress 429ms
182 silly pacote range manifest for qs@~6.5.2 fetched in 1254ms
183 silly pacote range manifest for safe-buffer@^5.1.2 fetched in 1092ms
184 silly pacote range manifest for uuid@^3.3.2 fetched in 901ms
185 silly pacote range manifest for tunnel-agent@^0.6.0 fetched in 949ms
186 silly pacote range manifest for tough-cookie@~2.5.0 fetched in 998ms
187 silly pacote range manifest for archiver@^3.1.1 fetched in 969ms
188 http fetch GET 200 https://registry.npmjs.org/ora/-/ora-4.1.1.tgz 457ms
189 http fetch GET 200 https://registry.npmjs.org/bluebird/-/bluebird-3.7.2.tgz 517ms
190 http fetch GET 200 https://registry.npmjs.org/json2csv/-/json2csv-4.5.1.tgz 487ms
191 silly pacote range manifest for ora@^4.0.2 fetched in 883ms
192 http fetch GET 200 https://registry.npmjs.org/progress/-/progress-2.0.3.tgz 291ms
193 http fetch GET 200 https://registry.npmjs.org/request-promise 302ms
194 silly pacote version manifest for json2csv@4.5.1 fetched in 916ms
195 silly pacote range manifest for bluebird@^3.7.1 fetched in 950ms
196 http fetch GET 200 https://registry.npmjs.org/supports-color/-/supports-color-5.5.0.tgz 264ms
197 http fetch GET 200 https://registry.npmjs.org/ansi-styles/-/ansi-styles-3.2.1.tgz 297ms
198 http fetch GET 200 https://registry.npmjs.org/socks-proxy-agent 347ms
199 http fetch GET 200 https://registry.npmjs.org/yargs 380ms
200 http fetch GET 200 https://registry.npmjs.org/color-convert 320ms
201 silly pacote range manifest for progress@^2.0.3 fetched in 982ms
202 silly pacote range manifest for supports-color@^5.3.0 fetched in 472ms
203 silly pacote range manifest for ansi-styles@^3.2.1 fetched in 499ms
204 http fetch GET 200 https://registry.npmjs.org/isexe 295ms
205 http fetch GET 200 https://registry.npmjs.org/restore-cursor 306ms
206 http fetch GET 200 https://registry.npmjs.org/request-promise/-/request-promise-4.2.6.tgz 296ms
207 http fetch GET 200 https://registry.npmjs.org/has-flag 305ms
208 http fetch GET 200 https://registry.npmjs.org/socks-proxy-agent/-/socks-proxy-agent-5.0.0.tgz 362ms
209 silly pacote range manifest for request-promise@^4.2.4 fetched in 832ms
210 warn deprecated request-promise@4.2.6: request-promise has been deprecated because it extends the now deprecated request package, see https://github.com/request/request/issues/3142
211 http fetch GET 200 https://registry.npmjs.org/ansi-regex 341ms
212 http fetch GET 200 https://registry.npmjs.org/kind-of 365ms
213 http fetch GET 200 https://registry.npmjs.org/is-descriptor 419ms
214 http fetch GET 200 https://registry.npmjs.org/restore-cursor/-/restore-cursor-3.1.0.tgz 332ms
215 http fetch GET 200 https://registry.npmjs.org/isexe/-/isexe-2.0.0.tgz 389ms
216 silly pacote range manifest for socks-proxy-agent@^5.0.0 fetched in 940ms
217 http fetch GET 200 https://registry.npmjs.org/has-flag/-/has-flag-4.0.0.tgz 323ms
218 http fetch GET 200 https://registry.npmjs.org/yargs/-/yargs-14.2.3.tgz 530ms
219 silly pacote range manifest for inherits@~2.0.3 fetched in 52ms
220 http fetch GET 200 https://registry.npmjs.org/color-convert/-/color-convert-2.0.1.tgz 578ms
221 silly pacote range manifest for has-flag@^4.0.0 fetched in 754ms
222 silly pacote range manifest for isexe@^2.0.0 fetched in 820ms
223 http fetch GET 200 https://registry.npmjs.org/core-util-is 270ms
224 silly pacote range manifest for restore-cursor@^3.1.0 fetched in 823ms
225 silly pacote range manifest for yargs@^14.2.0 fetched in 1134ms
226 http fetch GET 200 https://registry.npmjs.org/ansi-regex/-/ansi-regex-4.1.0.tgz 322ms
227 silly pacote range manifest for color-convert@^2.0.1 fetched in 1107ms
228 http fetch GET 200 https://registry.npmjs.org/kind-of/-/kind-of-3.2.2.tgz 300ms
229 http fetch GET 200 https://registry.npmjs.org/is-descriptor/-/is-descriptor-1.0.2.tgz 245ms
230 http fetch GET 200 https://registry.npmjs.org/isarray 249ms
231 silly pacote range manifest for is-descriptor@^1.0.0 fetched in 751ms
232 silly pacote range manifest for ansi-regex@^4.1.0 fetched in 769ms
233 silly pacote range manifest for kind-of@^3.0.2 fetched in 774ms
234 http fetch GET 200 https://registry.npmjs.org/process-nextick-args 452ms
235 http fetch GET 200 https://registry.npmjs.org/delayed-stream 357ms
236 http fetch GET 200 https://registry.npmjs.org/safe-buffer/-/safe-buffer-5.1.2.tgz 546ms
237 http fetch GET 200 https://registry.npmjs.org/core-util-is/-/core-util-is-1.0.2.tgz 522ms
238 http fetch GET 200 https://registry.npmjs.org/string_decoder 544ms
239 http fetch GET 200 https://registry.npmjs.org/form-data/-/form-data-0.2.0.tgz 431ms
240 http fetch GET 200 https://registry.npmjs.org/isarray/-/isarray-1.0.0.tgz 361ms
241 http fetch GET 200 https://registry.npmjs.org/ajv 361ms
242 http fetch GET 200 https://registry.npmjs.org/util-deprecate 594ms
243 http fetch GET 200 https://registry.npmjs.org/mime 501ms
244 silly pacote range manifest for safe-buffer@~5.1.1 fetched in 768ms
245 silly pacote range manifest for core-util-is@~1.0.0 fetched in 1037ms
246 http fetch GET 200 https://registry.npmjs.org/process-nextick-args/-/process-nextick-args-2.0.1.tgz 306ms
247 silly pacote range manifest for form-data@^0.2.0 fetched in 649ms
248 silly pacote range manifest for isarray@~1.0.0 fetched in 847ms
249 silly pacote range manifest for mime-types@^2.1.12 fetched in 23ms
250 silly pacote range manifest for combined-stream@^1.0.6 fetched in 38ms
251 silly pacote range manifest for process-nextick-args@~2.0.0 fetched in 1039ms
252 http fetch GET 200 https://registry.npmjs.org/har-schema 320ms
253 http fetch GET 200 https://registry.npmjs.org/ajv/-/ajv-6.12.6.tgz 445ms
254 http fetch GET 200 https://registry.npmjs.org/mime/-/mime-2.5.2.tgz 412ms
255 http fetch GET 200 https://registry.npmjs.org/delayed-stream/-/delayed-stream-1.0.0.tgz 514ms
256 http fetch GET 200 https://registry.npmjs.org/asynckit 371ms
257 http fetch GET 200 https://registry.npmjs.org/string_decoder/-/string_decoder-1.1.1.tgz 501ms
258 http fetch GET 200 https://registry.npmjs.org/util-deprecate/-/util-deprecate-1.0.2.tgz 465ms
259 http fetch GET 200 https://registry.npmjs.org/jsprim 315ms
260 http fetch GET 200 https://registry.npmjs.org/assert-plus 377ms
261 silly pacote range manifest for mime@^2.4.0 fetched in 1079ms
262 silly pacote range manifest for string_decoder@~1.1.1 fetched in 1248ms
263 silly pacote range manifest for delayed-stream@~1.0.0 fetched in 1096ms
264 silly pacote range manifest for ajv@^6.12.3 fetched in 1079ms
265 http fetch GET 200 https://registry.npmjs.org/sshpk 294ms
266 silly pacote range manifest for util-deprecate@~1.0.1 fetched in 1262ms
267 silly pacote range manifest for safe-buffer@^5.0.1 fetched in 70ms
268 http fetch GET 200 https://registry.npmjs.org/asynckit/-/asynckit-0.4.0.tgz 228ms
269 silly pacote range manifest for async@^2.6.3 fetched in 42ms
270 http fetch GET 200 https://registry.npmjs.org/har-schema/-/har-schema-2.0.0.tgz 308ms
271 http fetch GET 200 https://registry.npmjs.org/jsprim/-/jsprim-1.4.1.tgz 325ms
272 silly pacote range manifest for asynckit@^0.4.0 fetched in 803ms
273 silly pacote range manifest for har-schema@^2.0.0 fetched in 825ms
274 http fetch GET 200 https://registry.npmjs.org/mime-db 342ms
275 silly pacote range manifest for jsprim@^1.2.2 fetched in 743ms
276 http fetch GET 200 https://registry.npmjs.org/punycode 310ms
277 http fetch GET 200 https://registry.npmjs.org/sshpk/-/sshpk-1.16.1.tgz 268ms
278 http fetch GET 200 https://registry.npmjs.org/psl 381ms
279 http fetch GET 200 https://registry.npmjs.org/archiver-utils 341ms
280 http fetch GET 200 https://registry.npmjs.org/buffer-crc32 419ms
281 silly pacote range manifest for sshpk@^1.7.0 fetched in 850ms
282 http fetch GET 200 https://registry.npmjs.org/glob 350ms
283 http fetch GET 200 https://registry.npmjs.org/mime-db/-/mime-db-1.46.0.tgz 280ms
284 http fetch GET 200 https://registry.npmjs.org/readable-stream/-/readable-stream-3.6.0.tgz 349ms
285 http fetch GET 200 https://registry.npmjs.org/assert-plus/-/assert-plus-1.0.0.tgz 756ms
286 http fetch GET 200 https://registry.npmjs.org/punycode/-/punycode-2.1.1.tgz 326ms
287 http fetch GET 200 https://registry.npmjs.org/tar-stream 378ms
288 http fetch GET 200 https://registry.npmjs.org/archiver-utils/-/archiver-utils-2.1.0.tgz 317ms
289 http fetch GET 200 https://registry.npmjs.org/psl/-/psl-1.8.0.tgz 316ms
290 silly pacote range manifest for assert-plus@^1.0.0 fetched in 1296ms
291 silly pacote version manifest for mime-db@1.46.0 fetched in 839ms
292 silly pacote range manifest for readable-stream@^3.4.0 fetched in 522ms
293 silly pacote range manifest for punycode@^2.1.1 fetched in 805ms
294 silly pacote range manifest for psl@^1.1.28 fetched in 856ms
295 silly pacote range manifest for archiver-utils@^2.1.0 fetched in 818ms
296 silly pacote range manifest for cli-cursor@^3.1.0 fetched in 67ms
297 http fetch GET 200 https://registry.npmjs.org/buffer-crc32/-/buffer-crc32-0.2.13.tgz 360ms
298 http fetch GET 200 https://registry.npmjs.org/glob/-/glob-7.1.6.tgz 278ms
299 http fetch GET 200 https://registry.npmjs.org/zip-stream 356ms
300 http fetch GET 200 https://registry.npmjs.org/tar-stream/-/tar-stream-2.2.0.tgz 218ms
301 http fetch GET 200 https://registry.npmjs.org/is-interactive 168ms
302 silly pacote range manifest for buffer-crc32@^0.2.1 fetched in 906ms
303 silly pacote range manifest for glob@^7.1.4 fetched in 741ms
304 http fetch GET 200 https://registry.npmjs.org/chalk/-/chalk-3.0.0.tgz 176ms
305 http fetch GET 200 https://registry.npmjs.org/cli-spinners 227ms
306 http fetch GET 200 https://registry.npmjs.org/mute-stream 186ms
307 http fetch GET 200 https://registry.npmjs.org/strip-ansi/-/strip-ansi-6.0.0.tgz 184ms
308 silly pacote range manifest for tar-stream@^2.1.0 fetched in 749ms
309 http fetch GET 200 https://registry.npmjs.org/log-symbols 233ms
310 silly pacote range manifest for strip-ansi@^6.0.0 fetched in 277ms
311 silly pacote range manifest for chalk@^3.0.0 fetched in 347ms
312 http fetch GET 200 https://registry.npmjs.org/zip-stream/-/zip-stream-2.1.3.tgz 211ms
313 http fetch GET 200 https://registry.npmjs.org/is-interactive/-/is-interactive-1.0.0.tgz 181ms
314 http fetch GET 200 https://registry.npmjs.org/wcwidth 193ms
315 http fetch GET 200 https://registry.npmjs.org/commander 177ms
316 http fetch GET 200 https://registry.npmjs.org/jsonparse 168ms
317 silly pacote range manifest for zip-stream@^2.1.2 fetched in 656ms
318 http fetch GET 200 https://registry.npmjs.org/mute-stream/-/mute-stream-0.0.8.tgz 164ms
319 http fetch GET 200 https://registry.npmjs.org/cli-spinners/-/cli-spinners-2.6.0.tgz 197ms
320 silly pacote range manifest for is-interactive@^1.0.0 fetched in 462ms
321 http fetch GET 200 https://registry.npmjs.org/log-symbols/-/log-symbols-3.0.0.tgz 203ms
322 silly pacote version manifest for mute-stream@0.0.8 fetched in 456ms
323 http fetch GET 200 https://registry.npmjs.org/has-flag/-/has-flag-3.0.0.tgz 154ms
324 http fetch GET 200 https://registry.npmjs.org/lodash.get 172ms
325 silly pacote range manifest for cli-spinners@^2.2.0 fetched in 519ms
326 silly pacote range manifest for bluebird@^3.5.0 fetched in 19ms
327 silly pacote range manifest for log-symbols@^3.0.0 fetched in 496ms
328 http fetch GET 200 https://registry.npmjs.org/wcwidth/-/wcwidth-1.0.1.tgz 143ms
329 http fetch GET 200 https://registry.npmjs.org/commander/-/commander-2.20.3.tgz 136ms
330 silly pacote range manifest for tough-cookie@^2.3.3 fetched in 25ms
331 silly pacote range manifest for has-flag@^3.0.0 fetched in 216ms
332 silly pacote range manifest for wcwidth@^1.0.1 fetched in 378ms
333 silly pacote range manifest for commander@^2.15.1 fetched in 414ms
334 http fetch GET 200 https://registry.npmjs.org/debug 96ms
335 http fetch GET 200 https://registry.npmjs.org/socks 91ms
336 http fetch GET 200 https://registry.npmjs.org/jsonparse/-/jsonparse-1.3.1.tgz 211ms
337 http fetch GET 200 https://registry.npmjs.org/stealthy-require 144ms
338 http fetch GET 200 https://registry.npmjs.org/onetime 94ms
339 http fetch GET 200 https://registry.npmjs.org/agent-base 120ms
340 http fetch GET 200 https://registry.npmjs.org/color-convert/-/color-convert-1.9.3.tgz 226ms
341 http fetch GET 200 https://registry.npmjs.org/request-promise-core 204ms
342 http fetch GET 200 https://registry.npmjs.org/lodash.get/-/lodash.get-4.4.2.tgz 147ms
343 silly pacote range manifest for lodash.get@^4.4.2 fetched in 374ms
344 silly pacote range manifest for jsonparse@^1.3.1 fetched in 474ms
345 silly pacote range manifest for color-convert@^1.9.0 fetched in 333ms
346 http fetch GET 200 https://registry.npmjs.org/signal-exit 142ms
347 http fetch GET 200 https://registry.npmjs.org/debug/-/debug-4.3.1.tgz 150ms
348 http fetch GET 200 https://registry.npmjs.org/agent-base/-/agent-base-6.0.2.tgz 133ms
349 http fetch GET 200 https://registry.npmjs.org/onetime/-/onetime-5.1.2.tgz 137ms
350 http fetch GET 200 https://registry.npmjs.org/stealthy-require/-/stealthy-require-1.1.1.tgz 127ms
351 http fetch GET 200 https://registry.npmjs.org/socks/-/socks-2.6.0.tgz 158ms
352 http fetch GET 200 https://registry.npmjs.org/request-promise-core/-/request-promise-core-1.1.4.tgz 145ms
353 http fetch GET 200 https://registry.npmjs.org/cliui 126ms
354 silly pacote range manifest for onetime@^5.1.0 fetched in 293ms
355 silly pacote range manifest for agent-base@6 fetched in 324ms
356 silly pacote range manifest for debug@4 fetched in 315ms
357 http fetch GET 200 https://registry.npmjs.org/decamelize 140ms
358 silly pacote range manifest for stealthy-require@^1.1.1 fetched in 360ms
359 http fetch GET 200 https://registry.npmjs.org/signal-exit/-/signal-exit-3.0.3.tgz 115ms
360 silly pacote range manifest for socks@^2.3.3 fetched in 336ms
361 silly pacote version manifest for request-promise-core@1.1.4 fetched in 441ms
362 http fetch GET 200 https://registry.npmjs.org/find-up 165ms
363 silly pacote range manifest for signal-exit@^3.0.2 fetched in 345ms
364 http fetch GET 200 https://registry.npmjs.org/cliui/-/cliui-5.0.0.tgz 124ms
365 http fetch GET 200 https://registry.npmjs.org/get-caller-file 120ms
366 http fetch GET 200 https://registry.npmjs.org/require-directory 117ms
367 http fetch GET 200 https://registry.npmjs.org/require-main-filename 133ms
368 http fetch GET 200 https://registry.npmjs.org/set-blocking 134ms
369 http fetch GET 200 https://registry.npmjs.org/decamelize/-/decamelize-1.2.0.tgz 147ms
370 silly pacote range manifest for cliui@^5.0.0 fetched in 329ms
371 http fetch GET 200 https://registry.npmjs.org/which-module 152ms
372 http fetch GET 200 https://registry.npmjs.org/string-width 166ms
373 http fetch GET 200 https://registry.npmjs.org/y18n 134ms
374 silly pacote range manifest for decamelize@^1.2.0 fetched in 371ms
375 http fetch GET 200 https://registry.npmjs.org/find-up/-/find-up-3.0.0.tgz 170ms
376 http fetch GET 200 https://registry.npmjs.org/require-main-filename/-/require-main-filename-2.0.0.tgz 105ms
377 http fetch GET 200 https://registry.npmjs.org/get-caller-file/-/get-caller-file-2.0.5.tgz 130ms
378 http fetch GET 200 https://registry.npmjs.org/require-directory/-/require-directory-2.1.1.tgz 127ms
379 silly pacote range manifest for find-up@^3.0.0 fetched in 367ms
380 silly pacote range manifest for require-main-filename@^2.0.0 fetched in 280ms
381 silly pacote range manifest for require-directory@^2.1.1 fetched in 285ms
382 silly pacote range manifest for get-caller-file@^2.0.1 fetched in 298ms
383 http fetch GET 200 https://registry.npmjs.org/set-blocking/-/set-blocking-2.0.0.tgz 216ms
384 http fetch GET 200 https://registry.npmjs.org/color-name 148ms
385 http fetch GET 200 https://registry.npmjs.org/is-accessor-descriptor 118ms
386 http fetch GET 200 https://registry.npmjs.org/y18n/-/y18n-4.0.1.tgz 151ms
387 http fetch GET 200 https://registry.npmjs.org/is-data-descriptor 116ms
388 http fetch GET 200 https://registry.npmjs.org/string-width/-/string-width-3.1.0.tgz 189ms
389 http fetch GET 200 https://registry.npmjs.org/kind-of/-/kind-of-6.0.3.tgz 117ms
390 http fetch GET 200 https://registry.npmjs.org/is-buffer 116ms
391 silly pacote range manifest for set-blocking@^2.0.0 fetched in 418ms
392 silly pacote range manifest for y18n@^4.0.0 fetched in 340ms
393 silly pacote range manifest for kind-of@^6.0.2 fetched in 159ms
394 silly pacote range manifest for string-width@^3.0.0 fetched in 431ms
395 silly pacote range manifest for safe-buffer@~5.1.0 fetched in 42ms
396 http fetch GET 200 https://registry.npmjs.org/color-name/-/color-name-1.1.4.tgz 166ms
397 http fetch GET 200 https://registry.npmjs.org/is-accessor-descriptor/-/is-accessor-descriptor-1.0.0.tgz 164ms
398 http fetch GET 200 https://registry.npmjs.org/is-data-descriptor/-/is-data-descriptor-1.0.0.tgz 161ms
399 http fetch GET 200 https://registry.npmjs.org/is-buffer/-/is-buffer-1.1.6.tgz 156ms
400 http fetch GET 200 https://registry.npmjs.org/async/-/async-0.9.2.tgz 147ms
401 http fetch GET 200 https://registry.npmjs.org/yargs-parser 398ms
402 http fetch GET 200 https://registry.npmjs.org/which-module/-/which-module-2.0.0.tgz 372ms
403 http fetch GET 200 https://registry.npmjs.org/combined-stream/-/combined-stream-0.0.7.tgz 137ms
404 http fetch GET 200 https://registry.npmjs.org/mime-types/-/mime-types-2.0.14.tgz 120ms
405 silly pacote range manifest for color-name@~1.1.4 fetched in 373ms
406 silly pacote range manifest for is-accessor-descriptor@^1.0.0 fetched in 360ms
407 silly pacote range manifest for async@~0.9.0 fetched in 209ms
408 silly pacote range manifest for is-buffer@^1.1.5 fetched in 344ms
409 silly pacote range manifest for which-module@^2.0.0 fetched in 591ms
410 http fetch GET 200 https://registry.npmjs.org/fast-deep-equal 112ms
411 silly pacote range manifest for is-data-descriptor@^1.0.0 fetched in 390ms
412 silly pacote range manifest for combined-stream@~0.0.4 fetched in 238ms
413 http fetch GET 200 https://registry.npmjs.org/assert-plus/-/assert-plus-1.0.0.tgz 167ms (from cache)
414 silly pacote range manifest for mime-types@~2.0.3 fetched in 391ms
415 http fetch GET 200 https://registry.npmjs.org/json-schema-traverse 233ms
416 http fetch GET 200 https://registry.npmjs.org/fast-json-stable-stringify 256ms
417 http fetch GET 200 https://registry.npmjs.org/yargs-parser/-/yargs-parser-15.0.1.tgz 287ms
418 http fetch GET 200 https://registry.npmjs.org/extsprintf 241ms
419 http fetch GET 200 https://registry.npmjs.org/uri-js 254ms
420 silly pacote version manifest for assert-plus@1.0.0 fetched in 254ms
421 http fetch GET 200 https://registry.npmjs.org/verror 219ms
422 http fetch GET 200 https://registry.npmjs.org/fast-deep-equal/-/fast-deep-equal-3.1.3.tgz 240ms
423 http fetch GET 200 https://registry.npmjs.org/json-schema 248ms
424 silly pacote range manifest for yargs-parser@^15.0.1 fetched in 775ms
425 silly pacote range manifest for fast-deep-equal@^3.1.1 fetched in 502ms
426 http fetch GET 200 https://registry.npmjs.org/json-schema-traverse/-/json-schema-traverse-0.4.1.tgz 184ms
427 http fetch GET 200 https://registry.npmjs.org/asn1 220ms
428 http fetch GET 200 https://registry.npmjs.org/fast-json-stable-stringify/-/fast-json-stable-stringify-2.1.0.tgz 185ms
429 http fetch GET 200 https://registry.npmjs.org/dashdash 167ms
430 http fetch GET 200 https://registry.npmjs.org/extsprintf/-/extsprintf-1.3.0.tgz 175ms
431 http fetch GET 200 https://registry.npmjs.org/uri-js/-/uri-js-4.4.1.tgz 160ms
432 http fetch GET 200 https://registry.npmjs.org/verror/-/verror-1.10.0.tgz 169ms
433 http fetch GET 200 https://registry.npmjs.org/json-schema/-/json-schema-0.2.3.tgz 163ms
434 http fetch GET 200 https://registry.npmjs.org/getpass 123ms
435 silly pacote range manifest for json-schema-traverse@^0.4.1 fetched in 474ms
436 silly pacote version manifest for extsprintf@1.3.0 fetched in 473ms
437 silly pacote range manifest for fast-json-stable-stringify@^2.0.0 fetched in 508ms
438 silly pacote version manifest for verror@1.10.0 fetched in 440ms
439 silly pacote range manifest for uri-js@^4.2.2 fetched in 485ms
440 http fetch GET 200 https://registry.npmjs.org/safer-buffer 123ms
441 silly pacote version manifest for json-schema@0.2.3 fetched in 481ms
442 silly pacote range manifest for inherits@^2.0.3 fetched in 42ms
443 silly pacote range manifest for util-deprecate@^1.0.1 fetched in 19ms
444 http fetch GET 200 https://registry.npmjs.org/asn1/-/asn1-0.2.4.tgz 133ms
445 http fetch GET 200 https://registry.npmjs.org/dashdash/-/dashdash-1.14.1.tgz 139ms
446 http fetch GET 200 https://registry.npmjs.org/tweetnacl 103ms
447 http fetch GET 200 https://registry.npmjs.org/jsbn 124ms
448 http fetch GET 200 https://registry.npmjs.org/ecc-jsbn 134ms
449 http fetch GET 200 https://registry.npmjs.org/getpass/-/getpass-0.1.7.tgz 145ms
450 http fetch GET 200 https://registry.npmjs.org/bcrypt-pbkdf 139ms
451 silly pacote range manifest for asn1@~0.2.3 fetched in 451ms
452 silly pacote range manifest for dashdash@^1.12.0 fetched in 395ms
453 http fetch GET 200 https://registry.npmjs.org/safer-buffer/-/safer-buffer-2.1.2.tgz 135ms
454 http fetch GET 200 https://registry.npmjs.org/graceful-fs 139ms
455 http fetch GET 200 https://registry.npmjs.org/string_decoder/-/string_decoder-1.3.0.tgz 161ms
456 silly pacote range manifest for getpass@^0.1.1 fetched in 370ms
457 silly pacote range manifest for safer-buffer@^2.0.2 fetched in 350ms
458 silly pacote range manifest for string_decoder@^1.1.1 fetched in 229ms
459 http fetch GET 200 https://registry.npmjs.org/ecc-jsbn/-/ecc-jsbn-0.1.2.tgz 135ms
460 http fetch GET 200 https://registry.npmjs.org/tweetnacl/-/tweetnacl-0.14.5.tgz 164ms
461 http fetch GET 200 https://registry.npmjs.org/bcrypt-pbkdf/-/bcrypt-pbkdf-1.0.2.tgz 137ms
462 http fetch GET 200 https://registry.npmjs.org/jsbn/-/jsbn-0.1.1.tgz 169ms
463 http fetch GET 200 https://registry.npmjs.org/lodash.defaults 125ms
464 http fetch GET 200 https://registry.npmjs.org/lazystream 136ms
465 silly pacote range manifest for tweetnacl@~0.14.0 fetched in 331ms
466 silly pacote range manifest for ecc-jsbn@~0.1.1 fetched in 327ms
467 silly pacote range manifest for bcrypt-pbkdf@^1.0.0 fetched in 339ms
468 silly pacote range manifest for jsbn@~0.1.0 fetched in 380ms
469 silly pacote range manifest for readable-stream@^2.0.0 fetched in 26ms
470 http fetch GET 200 https://registry.npmjs.org/lodash.isplainobject 154ms
471 http fetch GET 200 https://registry.npmjs.org/fs.realpath 233ms
472 http fetch GET 200 https://registry.npmjs.org/lodash.defaults/-/lodash.defaults-4.2.0.tgz 304ms
473 http fetch GET 200 https://registry.npmjs.org/lodash.union 283ms
474 http fetch GET 200 https://registry.npmjs.org/inflight 241ms
475 http fetch GET 200 https://registry.npmjs.org/graceful-fs/-/graceful-fs-4.2.6.tgz 390ms
476 http fetch GET 200 https://registry.npmjs.org/normalize-path 292ms
477 http fetch GET 200 https://registry.npmjs.org/lodash.isplainobject/-/lodash.isplainobject-4.0.6.tgz 204ms
478 http fetch GET 200 https://registry.npmjs.org/lodash.difference 406ms
479 http fetch GET 200 https://registry.npmjs.org/lazystream/-/lazystream-1.0.0.tgz 334ms
480 http fetch GET 200 https://registry.npmjs.org/lodash.flatten 388ms
481 silly pacote range manifest for graceful-fs@^4.2.0 fetched in 607ms
482 silly pacote range manifest for lodash.defaults@^4.2.0 fetched in 506ms
483 silly pacote range manifest for lazystream@^1.0.0 fetched in 521ms
484 silly pacote range manifest for lodash.isplainobject@^4.0.6 fetched in 423ms
485 silly pacote range manifest for inherits@2 fetched in 36ms
486 http fetch GET 200 https://registry.npmjs.org/fs.realpath/-/fs.realpath-1.0.0.tgz 206ms
487 http fetch GET 200 https://registry.npmjs.org/normalize-path/-/normalize-path-3.0.0.tgz 186ms
488 http fetch GET 200 https://registry.npmjs.org/lodash.difference/-/lodash.difference-4.5.0.tgz 190ms
489 http fetch GET 200 https://registry.npmjs.org/inflight/-/inflight-1.0.6.tgz 209ms
490 http fetch GET 200 https://registry.npmjs.org/lodash.union/-/lodash.union-4.6.0.tgz 214ms
491 http fetch GET 200 https://registry.npmjs.org/lodash.flatten/-/lodash.flatten-4.4.0.tgz 194ms
492 http fetch GET 200 https://registry.npmjs.org/once 165ms
493 http fetch GET 200 https://registry.npmjs.org/path-is-absolute 174ms
494 silly pacote range manifest for fs.realpath@^1.0.0 fetched in 523ms
495 silly pacote range manifest for normalize-path@^3.0.0 fetched in 568ms
496 silly pacote range manifest for lodash.difference@^4.5.0 fetched in 677ms
497 http fetch GET 200 https://registry.npmjs.org/bl 169ms
498 silly pacote range manifest for lodash.union@^4.6.0 fetched in 582ms
499 silly pacote range manifest for inflight@^1.0.4 fetched in 539ms
500 silly pacote range manifest for lodash.flatten@^4.4.0 fetched in 657ms
501 silly pacote range manifest for readable-stream@^3.1.1 fetched in 44ms
502 http fetch GET 200 https://registry.npmjs.org/minimatch 305ms
503 http fetch GET 200 https://registry.npmjs.org/end-of-stream 99ms
504 http fetch GET 200 https://registry.npmjs.org/once/-/once-1.4.0.tgz 132ms
505 http fetch GET 200 https://registry.npmjs.org/fs-constants 104ms
506 http fetch GET 200 https://registry.npmjs.org/path-is-absolute/-/path-is-absolute-1.0.1.tgz 143ms
507 http fetch GET 200 https://registry.npmjs.org/defaults 108ms
508 silly pacote range manifest for once@^1.3.0 fetched in 341ms
509 silly pacote range manifest for path-is-absolute@^1.0.0 fetched in 346ms
510 http fetch GET 200 https://registry.npmjs.org/ansi-regex/-/ansi-regex-5.0.0.tgz 215ms
511 http fetch GET 200 https://registry.npmjs.org/minimatch/-/minimatch-3.0.4.tgz 163ms
512 http fetch GET 200 https://registry.npmjs.org/ms 125ms
513 http fetch GET 200 https://registry.npmjs.org/defaults/-/defaults-1.0.3.tgz 132ms
514 http fetch GET 200 https://registry.npmjs.org/mimic-fn 136ms
515 http fetch GET 200 https://registry.npmjs.org/bl/-/bl-4.1.0.tgz 247ms
516 http fetch GET 200 https://registry.npmjs.org/end-of-stream/-/end-of-stream-1.4.4.tgz 173ms
517 http fetch GET 200 https://registry.npmjs.org/color-name/-/color-name-1.1.3.tgz 219ms
518 http fetch GET 200 https://registry.npmjs.org/fs-constants/-/fs-constants-1.0.0.tgz 164ms
519 silly pacote range manifest for ansi-regex@^5.0.0 fetched in 288ms
520 silly pacote range manifest for defaults@^1.0.3 fetched in 293ms
521 silly pacote range manifest for minimatch@^3.0.4 fetched in 534ms
522 silly pacote range manifest for bl@^4.0.3 fetched in 482ms
523 silly pacote range manifest for end-of-stream@^1.4.1 fetched in 327ms
524 silly pacote version manifest for color-name@1.1.3 fetched in 271ms
525 silly pacote range manifest for fs-constants@^1.0.0 fetched in 320ms
526 silly pacote range manifest for string-width@^3.1.0 fetched in 32ms
527 silly pacote range manifest for lodash@^4.17.19 fetched in 34ms
528 silly pacote range manifest for strip-ansi@^5.1.0 fetched in 17ms
529 silly pacote range manifest for kind-of@^6.0.0 fetched in 13ms
530 http fetch GET 200 https://registry.npmjs.org/ip 102ms
531 http fetch GET 200 https://registry.npmjs.org/ms/-/ms-2.1.2.tgz 134ms
532 http fetch GET 200 https://registry.npmjs.org/smart-buffer 100ms
533 http fetch GET 200 https://registry.npmjs.org/mimic-fn/-/mimic-fn-2.1.0.tgz 133ms
534 http fetch GET 200 https://registry.npmjs.org/locate-path 101ms
535 http fetch GET 200 https://registry.npmjs.org/emoji-regex 101ms
536 http fetch GET 200 https://registry.npmjs.org/wrap-ansi 119ms
537 silly pacote version manifest for ms@2.1.2 fetched in 319ms
538 http fetch GET 200 https://registry.npmjs.org/is-fullwidth-code-point 107ms
539 silly pacote range manifest for mimic-fn@^2.1.0 fetched in 413ms
540 http fetch GET 200 https://registry.npmjs.org/ip/-/ip-1.1.5.tgz 200ms
541 http fetch GET 200 https://registry.npmjs.org/delayed-stream/-/delayed-stream-0.0.5.tgz 227ms
542 http fetch GET 200 https://registry.npmjs.org/locate-path/-/locate-path-3.0.0.tgz 184ms
543 http fetch GET 200 https://registry.npmjs.org/smart-buffer/-/smart-buffer-4.1.0.tgz 208ms
544 http fetch GET 200 https://registry.npmjs.org/wrap-ansi/-/wrap-ansi-5.1.0.tgz 185ms
545 http fetch GET 200 https://registry.npmjs.org/emoji-regex/-/emoji-regex-7.0.3.tgz 191ms
546 http fetch GET 200 https://registry.npmjs.org/compress-commons 644ms
547 silly pacote range manifest for locate-path@^3.0.0 fetched in 338ms
548 http fetch GET 200 https://registry.npmjs.org/camelcase 121ms
549 silly pacote version manifest for delayed-stream@0.0.5 fetched in 279ms
550 silly pacote range manifest for ip@^1.1.5 fetched in 364ms
551 silly pacote range manifest for smart-buffer@^4.1.0 fetched in 373ms
552 http fetch GET 200 https://registry.npmjs.org/is-fullwidth-code-point/-/is-fullwidth-code-point-2.0.0.tgz 178ms
553 http fetch GET 200 https://registry.npmjs.org/mime-db/-/mime-db-1.12.0.tgz 181ms
554 silly pacote range manifest for emoji-regex@^7.0.1 fetched in 367ms
555 silly pacote range manifest for wrap-ansi@^5.1.0 fetched in 378ms
556 silly pacote range manifest for punycode@^2.1.0 fetched in 30ms
557 silly pacote range manifest for safer-buffer@~2.1.0 fetched in 18ms
558 http fetch GET 200 https://registry.npmjs.org/core-util-is/-/core-util-is-1.0.2.tgz 36ms (from cache)
559 silly pacote range manifest for safer-buffer@^2.1.0 fetched in 19ms
560 silly pacote range manifest for safe-buffer@~5.2.0 fetched in 24ms
561 silly pacote range manifest for tweetnacl@^0.14.3 fetched in 23ms
562 silly pacote range manifest for mime-db@~1.12.0 fetched in 272ms
563 silly pacote range manifest for is-fullwidth-code-point@^2.0.0 fetched in 386ms
564 silly pacote range manifest for inherits@^2.0.4 fetched in 5ms
565 silly pacote range manifest for once@^1.4.0 fetched in 5ms
566 silly pacote version manifest for core-util-is@1.0.2 fetched in 83ms
567 silly pacote range manifest for ansi-styles@^3.2.0 fetched in 10ms
568 silly pacote range manifest for strip-ansi@^5.0.0 fetched in 4ms
569 http fetch GET 200 https://registry.npmjs.org/camelcase/-/camelcase-5.3.1.tgz 171ms
570 http fetch GET 200 https://registry.npmjs.org/compress-commons/-/compress-commons-2.1.1.tgz 176ms
571 http fetch GET 200 https://registry.npmjs.org/path-exists 110ms
572 http fetch GET 200 https://registry.npmjs.org/wrappy 151ms
573 http fetch GET 200 https://registry.npmjs.org/extsprintf/-/extsprintf-1.4.0.tgz 182ms
574 http fetch GET 200 https://registry.npmjs.org/p-locate 119ms
575 http fetch GET 200 https://registry.npmjs.org/clone 152ms
576 http fetch GET 200 https://registry.npmjs.org/brace-expansion 161ms
577 silly pacote range manifest for compress-commons@^2.1.1 fetched in 1055ms
578 silly pacote range manifest for camelcase@^5.0.0 fetched in 526ms
579 silly pacote range manifest for extsprintf@^1.2.0 fetched in 412ms
580 silly pacote range manifest for readable-stream@^2.3.6 fetched in 12ms
581 silly pacote range manifest for buffer-crc32@^0.2.13 fetched in 16ms
582 http fetch GET 200 https://registry.npmjs.org/wrappy/-/wrappy-1.0.2.tgz 226ms
583 http fetch GET 200 https://registry.npmjs.org/p-locate/-/p-locate-3.0.0.tgz 226ms
584 http fetch GET 200 https://registry.npmjs.org/brace-expansion/-/brace-expansion-1.1.11.tgz 217ms
585 http fetch GET 200 https://registry.npmjs.org/path-exists/-/path-exists-3.0.0.tgz 243ms
586 http fetch GET 200 https://registry.npmjs.org/clone/-/clone-1.0.4.tgz 250ms
587 silly pacote range manifest for wrappy@1 fetched in 425ms
588 silly pacote range manifest for p-locate@^3.0.0 fetched in 392ms
589 silly pacote range manifest for path-exists@^3.0.0 fetched in 397ms
590 silly pacote range manifest for brace-expansion@^1.1.7 fetched in 420ms
591 silly pacote range manifest for clone@^1.0.2 fetched in 449ms
592 http fetch GET 200 https://registry.npmjs.org/crc32-stream 128ms
593 http fetch GET 200 https://registry.npmjs.org/buffer 491ms
594 http fetch GET 200 https://registry.npmjs.org/balanced-match 92ms
595 http fetch GET 200 https://registry.npmjs.org/concat-map 103ms
596 http fetch GET 200 https://registry.npmjs.org/p-limit 165ms
597 http fetch GET 200 https://registry.npmjs.org/crc32-stream/-/crc32-stream-3.0.1.tgz 113ms
598 http fetch GET 200 https://registry.npmjs.org/buffer/-/buffer-5.7.1.tgz 104ms
599 http fetch GET 200 https://registry.npmjs.org/balanced-match/-/balanced-match-1.0.0.tgz 97ms
600 silly pacote range manifest for crc32-stream@^3.0.1 fetched in 274ms
601 silly pacote range manifest for buffer@^5.5.0 fetched in 634ms
602 silly pacote range manifest for balanced-match@^1.0.0 fetched in 232ms
603 http fetch GET 200 https://registry.npmjs.org/concat-map/-/concat-map-0.0.1.tgz 171ms
604 http fetch GET 200 https://registry.npmjs.org/ieee754 86ms
605 silly pacote version manifest for concat-map@0.0.1 fetched in 319ms
606 http fetch GET 200 https://registry.npmjs.org/p-limit/-/p-limit-2.3.0.tgz 159ms
607 silly pacote range manifest for p-limit@^2.0.0 fetched in 344ms
608 http fetch GET 200 https://registry.npmjs.org/crc 146ms
609 http fetch GET 200 https://registry.npmjs.org/ieee754/-/ieee754-1.2.1.tgz 128ms
610 http fetch GET 200 https://registry.npmjs.org/crc/-/crc-3.8.0.tgz 83ms
611 http fetch GET 200 https://registry.npmjs.org/p-try 112ms
612 silly pacote range manifest for ieee754@^1.1.13 fetched in 239ms
613 silly pacote range manifest for crc@^3.4.4 fetched in 255ms
614 silly pacote range manifest for buffer@^5.1.0 fetched in 4ms
615 http fetch GET 200 https://registry.npmjs.org/p-try/-/p-try-2.2.0.tgz 57ms
616 silly pacote range manifest for p-try@^2.0.0 fetched in 181ms
617 http fetch GET 200 https://registry.npmjs.org/base64-js 948ms
618 http fetch GET 200 https://registry.npmjs.org/base64-js/-/base64-js-1.5.1.tgz 62ms
619 silly pacote range manifest for base64-js@^1.3.1 fetched in 1030ms
620 silly pacote range manifest for async@^2.4.1 fetched in 102ms
621 silly resolveWithNewModule async@2.6.3 checking installable status
622 silly pacote range manifest for escape-string-regexp@^1.0.5 fetched in 120ms
623 silly resolveWithNewModule escape-string-regexp@1.0.5 checking installable status
624 silly pacote range manifest for @kagchi/kag-api@^1.5.5 fetched in 132ms
625 silly resolveWithNewModule @kagchi/kag-api@1.5.5 checking installable status
626 silly pacote range manifest for axios@^0.21.0 fetched in 135ms
627 silly resolveWithNewModule axios@0.21.1 checking installable status
628 silly pacote range manifest for cfonts@^2.9.0 fetched in 139ms
629 silly resolveWithNewModule cfonts@2.9.1 checking installable status
630 silly pacote range manifest for lolis.life@^4.0.0 fetched in 159ms
631 silly resolveWithNewModule lolis.life@4.0.0 checking installable status
632 silly pacote range manifest for fake-useragent@^1.0.1 fetched in 162ms
633 silly resolveWithNewModule fake-useragent@1.0.1 checking installable status
634 silly pacote range manifest for fluent-ffmpeg@^2.1.2 fetched in 170ms
635 silly resolveWithNewModule fluent-ffmpeg@2.1.2 checking installable status
636 silly pacote range manifest for imgbb-uploader@^1.1.0 fetched in 173ms
637 silly resolveWithNewModule imgbb-uploader@1.3.0 checking installable status
638 silly pacote range manifest for node-fetch@^2.6.1 fetched in 40ms
639 silly resolveWithNewModule node-fetch@2.6.1 checking installable status
640 silly pacote range manifest for multistream@^2.1.0 fetched in 43ms
641 silly resolveWithNewModule multistream@2.1.1 checking installable status
642 silly pacote range manifest for moment-timezone@^0.5.32 fetched in 47ms
643 silly resolveWithNewModule moment-timezone@0.5.33 checking installable status
644 silly pacote range manifest for request@^2.81.0 fetched in 49ms
645 silly resolveWithNewModule request@2.88.2 checking installable status
646 silly pacote range manifest for remove.bg@^1.3.0 fetched in 53ms
647 silly resolveWithNewModule remove.bg@1.3.0 checking installable status
648 silly pacote range manifest for tiktok-scraper@^1.4.7 fetched in 34ms
649 silly resolveWithNewModule tiktok-scraper@1.4.18 checking installable status
650 silly pacote range manifest for spinnies@^0.5.1 fetched in 38ms
651 silly resolveWithNewModule spinnies@0.5.1 checking installable status
652 silly fetchPackageMetaData error for @adiwajshing/baileys@github:adiwajshing/baileys Command failed: git clone --mirror -q git://github.com/adiwajshing/baileys.git /data/data/com.termux/files/home/.npm/_cacache/tmp/git-clone-41b22edc/.git
652 silly fetchPackageMetaData warning: templates not found in /data/data/com.termux/files/usr/tmp/pacote-git-template-tmp/git-clone-199acd10
652 silly fetchPackageMetaData fatal: read error: Software caused connection abort
652 silly fetchPackageMetaData fatal: early EOF
652 silly fetchPackageMetaData fatal: fetch-pack: invalid index-pack output
653 timing stage:rollbackFailedOptional Completed in 5ms
654 timing stage:runTopLevelLifecycles Completed in 142245ms
655 silly saveTree termux-wabot@0.0.2
655 silly saveTree  @kagchi/kag-api@1.5.5
655 silly saveTree  async@2.6.3
655 silly saveTree  axios@0.21.1
655 silly saveTree  cfonts@2.9.1
655 silly saveTree  escape-string-regexp@1.0.5
655 silly saveTree  fake-useragent@1.0.1
655 silly saveTree  fluent-ffmpeg@2.1.2
655 silly saveTree  imgbb-uploader@1.3.0
655 silly saveTree  lolis.life@4.0.0
655 silly saveTree  moment-timezone@0.5.33
655 silly saveTree  multistream@2.1.1
655 silly saveTree  node-fetch@2.6.1
655 silly saveTree  remove.bg@1.3.0
655 silly saveTree   request@2.88.2
655 silly saveTree  request@2.88.2
655 silly saveTree  spinnies@0.5.1
655 silly saveTree  tiktok-scraper@1.4.18
656 verbose stack Error: Command failed: git clone --mirror -q git://github.com/adiwajshing/baileys.git /data/data/com.termux/files/home/.npm/_cacache/tmp/git-clone-41b22edc/.git
656 verbose stack warning: templates not found in /data/data/com.termux/files/usr/tmp/pacote-git-template-tmp/git-clone-199acd10
656 verbose stack fatal: read error: Software caused connection abort
656 verbose stack fatal: early EOF
656 verbose stack fatal: fetch-pack: invalid index-pack output
656 verbose stack
656 verbose stack     at ChildProcess.exithandler (child_process.js:308:12)
656 verbose stack     at ChildProcess.emit (events.js:315:20)
656 verbose stack     at maybeClose (internal/child_process.js:1048:16)
656 verbose stack     at Socket.<anonymous> (internal/child_process.js:439:11)
656 verbose stack     at Socket.emit (events.js:315:20)
656 verbose stack     at Pipe.<anonymous> (net.js:673:12)
657 verbose cwd /data/data/com.termux/files/home/Caussx
658 verbose Linux 4.9.206-perf+
659 verbose argv "/data/data/com.termux/files/usr/bin/node" "/data/data/com.termux/files/usr/bin/npm" "install"
660 verbose node v14.15.4
661 verbose npm  v6.14.10
662 error code 128
663 error Command failed: git clone --mirror -q git://github.com/adiwajshing/baileys.git /data/data/com.termux/files/home/.npm/_cacache/tmp/git-clone-41b22edc/.git
663 error warning: templates not found in /data/data/com.termux/files/usr/tmp/pacote-git-template-tmp/git-clone-199acd10
663 error fatal: read error: Software caused connection abort
663 error fatal: early EOF
663 error fatal: fetch-pack: invalid index-pack output
664 verbose exit [ 1, true ]
